<?xml version="1.0" encoding="UTF-8"?>
<!-- Generated by org.testng.reporters.JUnitReportReporter -->
<testsuite skipped="3" hostname="LAPTOP-7COIQNKA" name="com.qa.testcases.TimeSheetStaffTestCase" tests="4" failures="0" timestamp="2022-06-10T15:55:00 IST" time="37.552" errors="0">
  <testcase name="addPayrolColumn" time="37.552" classname="com.qa.testcases.TimeSheetStaffTestCase"/>
  <system-out/>
  <testcase name="detailView" classname="com.qa.testcases.TimeSheetStaffTestCase">
    <skipped/>
  </testcase> <!-- detailView -->
  <system-out/>
  <testcase name="timeSheetCalendar" classname="com.qa.testcases.TimeSheetStaffTestCase">
    <skipped/>
  </testcase> <!-- timeSheetCalendar -->
  <system-out/>
  <testcase name="timeSheetTab" classname="com.qa.testcases.TimeSheetStaffTestCase">
    <skipped/>
  </testcase> <!-- timeSheetTab -->
  <system-out/>
</testsuite> <!-- com.qa.testcases.TimeSheetStaffTestCase -->
