<?xml version="1.0" encoding="UTF-8"?>
<!-- Generated by org.testng.reporters.JUnitReportReporter -->
<testsuite skipped="16" hostname="LAPTOP-7COIQNKA" name="com.qa.testcases.TC1_TC12_TestCase" tests="17" failures="0" timestamp="2022-06-10T11:24:16 IST" time="60.303" errors="0">
  <testcase name="addSiteTest" time="60.303" classname="com.qa.testcases.TC1_TC12_TestCase"/>
  <system-out/>
  <testcase name="loginTest" classname="com.qa.testcases.TC1_TC12_TestCase">
    <skipped/>
  </testcase> <!-- loginTest -->
  <system-out/>
  <testcase name="addMultipleEmailsTest" classname="com.qa.testcases.TC1_TC12_TestCase">
    <skipped/>
  </testcase> <!-- addMultipleEmailsTest -->
  <system-out/>
  <testcase name="logoutTest" classname="com.qa.testcases.TC1_TC12_TestCase">
    <skipped/>
  </testcase> <!-- logoutTest -->
  <system-out/>
  <testcase name="staffTabTest" classname="com.qa.testcases.TC1_TC12_TestCase">
    <skipped/>
  </testcase> <!-- staffTabTest -->
  <system-out/>
  <testcase name="editStaffTest" classname="com.qa.testcases.TC1_TC12_TestCase">
    <skipped/>
  </testcase> <!-- editStaffTest -->
  <system-out/>
  <testcase name="siteTabTest" classname="com.qa.testcases.TC1_TC12_TestCase">
    <skipped/>
  </testcase> <!-- siteTabTest -->
  <system-out/>
  <testcase name="archiveStaffTest" classname="com.qa.testcases.TC1_TC12_TestCase">
    <skipped/>
  </testcase> <!-- archiveStaffTest -->
  <system-out/>
  <testcase name="addPatrolCarTest" classname="com.qa.testcases.TC1_TC12_TestCase">
    <skipped/>
  </testcase> <!-- addPatrolCarTest -->
  <system-out/>
  <testcase name="addStaffTest" classname="com.qa.testcases.TC1_TC12_TestCase">
    <skipped/>
  </testcase> <!-- addStaffTest -->
  <system-out/>
  <testcase name="unAarchiveStaffTest" classname="com.qa.testcases.TC1_TC12_TestCase">
    <skipped/>
  </testcase> <!-- unAarchiveStaffTest -->
  <system-out/>
  <testcase name="uNPublishShiftTest" classname="com.qa.testcases.TC1_TC12_TestCase">
    <skipped/>
  </testcase> <!-- uNPublishShiftTest -->
  <system-out/>
  <testcase name="deleteSiteTest" classname="com.qa.testcases.TC1_TC12_TestCase">
    <skipped/>
  </testcase> <!-- deleteSiteTest -->
  <system-out/>
  <testcase name="archiveSiteTest" classname="com.qa.testcases.TC1_TC12_TestCase">
    <skipped/>
  </testcase> <!-- archiveSiteTest -->
  <system-out/>
  <testcase name="unArchiveSiteTest" classname="com.qa.testcases.TC1_TC12_TestCase">
    <skipped/>
  </testcase> <!-- unArchiveSiteTest -->
  <system-out/>
  <testcase name="editSiteTest" classname="com.qa.testcases.TC1_TC12_TestCase">
    <skipped/>
  </testcase> <!-- editSiteTest -->
  <system-out/>
  <testcase name="publishShiftTest" classname="com.qa.testcases.TC1_TC12_TestCase">
    <skipped/>
  </testcase> <!-- publishShiftTest -->
  <system-out/>
</testsuite> <!-- com.qa.testcases.TC1_TC12_TestCase -->
