<?xml version="1.0" encoding="UTF-8"?>
<!-- Generated by org.testng.reporters.JUnitReportReporter -->
<testsuite skipped="0" hostname="LAPTOP-7COIQNKA" name="com.qa.testcases.StaffPageTestCase" tests="5" failures="0" timestamp="2022-05-20T17:42:44 IST" time="110.799" errors="0">
  <testcase name="staffTab" time="29.211" classname="com.qa.testcases.StaffPageTestCase"/>
  <system-out/>
  <testcase name="addStaff" time="31.130" classname="com.qa.testcases.StaffPageTestCase"/>
  <system-out/>
  <testcase name="editStaff" time="12.665" classname="com.qa.testcases.StaffPageTestCase"/>
  <system-out/>
  <testcase name="archiveStaff" time="18.364" classname="com.qa.testcases.StaffPageTestCase"/>
  <system-out/>
  <testcase name="unArchiveStaff" time="19.429" classname="com.qa.testcases.StaffPageTestCase"/>
  <system-out/>
</testsuite> <!-- com.qa.testcases.StaffPageTestCase -->
