<?xml version="1.0" encoding="UTF-8"?>
<!-- Generated by org.testng.reporters.JUnitReportReporter -->
<testsuite skipped="0" hostname="LAPTOP-7COIQNKA" name="com.qa.testcases.Tc1_to_Tc5" tests="5" failures="0" timestamp="2022-05-26T14:39:30 IST" time="126.329" errors="0">
  <testcase name="loginTest" time="13.973" classname="com.qa.testcases.Tc1_to_Tc5"/>
  <system-out/>
  <testcase name="addStaffTest" time="29.309" classname="com.qa.testcases.Tc1_to_Tc5"/>
  <system-out/>
  <testcase name="editStaffTest" time="30.324" classname="com.qa.testcases.Tc1_to_Tc5"/>
  <system-out/>
  <testcase name="staffTabTest" time="26.916" classname="com.qa.testcases.Tc1_to_Tc5"/>
  <system-out/>
  <testcase name="logoutTest" time="25.807" classname="com.qa.testcases.Tc1_to_Tc5"/>
  <system-out/>
</testsuite> <!-- com.qa.testcases.Tc1_to_Tc5 -->
