<?xml version="1.0" encoding="UTF-8"?>
<!-- Generated by org.testng.reporters.JUnitReportReporter -->
<testsuite skipped="5" hostname="LAPTOP-7COIQNKA" name="com.qa.testcases.NewScheduleTestCase" tests="6" failures="0" timestamp="2022-06-09T17:08:41 IST" time="31.361" errors="0">
  <testcase name="publishShiftTest" time="31.361" classname="com.qa.testcases.NewScheduleTestCase"/>
  <system-out/>
  <testcase name="dragAndDropShiftTest" classname="com.qa.testcases.NewScheduleTestCase">
    <skipped/>
  </testcase> <!-- dragAndDropShiftTest -->
  <system-out/>
  <testcase name="uNPublishShiftTest" classname="com.qa.testcases.NewScheduleTestCase">
    <skipped/>
  </testcase> <!-- uNPublishShiftTest -->
  <system-out/>
  <testcase name="deleteShiftTest" classname="com.qa.testcases.NewScheduleTestCase">
    <skipped/>
  </testcase> <!-- deleteShiftTest -->
  <system-out/>
  <testcase name="repeatShiftTest" classname="com.qa.testcases.NewScheduleTestCase">
    <skipped/>
  </testcase> <!-- repeatShiftTest -->
  <system-out/>
  <testcase name="saveShiftTest" classname="com.qa.testcases.NewScheduleTestCase">
    <skipped/>
  </testcase> <!-- saveShiftTest -->
  <system-out/>
</testsuite> <!-- com.qa.testcases.NewScheduleTestCase -->
