<?xml version="1.0" encoding="UTF-8"?>
<!-- Generated by org.testng.reporters.JUnitReportReporter -->
<testsuite hostname="DESKTOP-HUCTEB4" failures="0" tests="1" name="com.qa.testcases.LoginPageTest" time="20.323" errors="0" timestamp="16 May 2022 05:57:27 GMT" skipped="0">
  <testcase classname="com.qa.testcases.LoginPageTest" name="loginPageTitleTest" time="20.323"/>
</testsuite> <!-- com.qa.testcases.LoginPageTest -->
